<?xml version="1.0" encoding="UTF-8" ?>
<testsuite tests="18" failures="1" name="simplejdbc.DAOTest" time="1.408" errors="0" skipped="0">
  <properties>
[...]
</properties>
  <testcase classname="simplejdbc.DAOTest" name="testPrixProduit" time="0.45"/>
  <testcase classname="simplejdbc.DAOTest" name="testModifCommande" time="0.06"/>
  <testcase classname="simplejdbc.DAOTest" name="testSelectIdProd" time="0.006"/>
  <testcase classname="simplejdbc.DAOTest" name="testSelectIdClient" time="0.038"/>
  <testcase classname="simplejdbc.DAOTest" name="testSelectProdById" time="0.036"/>
  <testcase classname="simplejdbc.DAOTest" name="testListeProduit" time="0.007"/>
  <testcase classname="simplejdbc.DAOTest" name="testSelectCommande" time="0.03"/>
  <testcase classname="simplejdbc.DAOTest" name="testListeEtat" time="0.019"/>
  <testcase classname="simplejdbc.DAOTest" name="testListeClient" time="0.006"/>
  <testcase classname="simplejdbc.DAOTest" name="testSelectNameByEmail" time="0.017"/>
  <testcase classname="simplejdbc.DAOTest" name="testSupprCommande" time="0.237"/>
  <testcase classname="simplejdbc.DAOTest" name="testCAProduit" time="0.084"/>
  <testcase classname="simplejdbc.DAOTest" name="testCAClient" time="0.067"/>
  <testcase classname="simplejdbc.DAOTest" name="testCommandeExistante" time="0.005"/>
  <testcase classname="simplejdbc.DAOTest" name="testAjoutCommande" time="0.012"/>
  <testcase classname="simplejdbc.DAOTest" name="testCAZone" time="0.152">
    <failure message="expected:&lt;183897.640625&gt; but was:&lt;68527.75&gt;" type="java.lang.AssertionError">java.lang.AssertionError: expected:&lt;183897.640625&gt; but was:&lt;68527.75&gt;
	at org.junit.Assert.fail(Assert.java:88)
	at org.junit.Assert.failNotEquals(Assert.java:834)
	at org.junit.Assert.assertEquals(Assert.java:553)
	at org.junit.Assert.assertEquals(Assert.java:683)
	at simplejdbc.DAOTest.testCAZone(DAOTest.java:151)
	at sun.reflect.NativeMethodAccessorImpl.invoke0(Native Method)
	at sun.reflect.NativeMethodAccessorImpl.invoke(NativeMethodAccessorImpl.java:62)
	at sun.reflect.DelegatingMethodAccessorImpl.invoke(DelegatingMethodAccessorImpl.java:43)
	at java.lang.reflect.Method.invoke(Method.java:498)
	at org.junit.runners.model.FrameworkMethod$1.runReflectiveCall(FrameworkMethod.java:50)
	at org.junit.internal.runners.model.ReflectiveCallable.run(ReflectiveCallable.java:12)
	at org.junit.runners.model.FrameworkMethod.invokeExplosively(FrameworkMethod.java:47)
	at org.junit.internal.runners.statements.InvokeMethod.evaluate(InvokeMethod.java:17)
	at org.junit.internal.runners.statements.RunBefores.evaluate(RunBefores.java:26)
	at org.junit.runners.ParentRunner.runLeaf(ParentRunner.java:325)
	at org.junit.runners.BlockJUnit4ClassRunner.runChild(BlockJUnit4ClassRunner.java:78)
	at org.junit.runners.BlockJUnit4ClassRunner.runChild(BlockJUnit4ClassRunner.java:57)
	at org.junit.runners.ParentRunner$3.run(ParentRunner.java:290)
	at org.junit.runners.ParentRunner$1.schedule(ParentRunner.java:71)
	at org.junit.runners.ParentRunner.runChildren(ParentRunner.java:288)
	at org.junit.runners.ParentRunner.access$000(ParentRunner.java:58)
	at org.junit.runners.ParentRunner$2.evaluate(ParentRunner.java:268)
	at org.junit.runners.ParentRunner.run(ParentRunner.java:363)
	at org.apache.maven.surefire.junit4.JUnit4TestSet.execute(JUnit4TestSet.java:53)
	at org.apache.maven.surefire.junit4.JUnit4Provider.executeTestSet(JUnit4Provider.java:123)
	at org.apache.maven.surefire.junit4.JUnit4Provider.invoke(JUnit4Provider.java:104)
	at sun.reflect.NativeMethodAccessorImpl.invoke0(Native Method)
	at sun.reflect.NativeMethodAccessorImpl.invoke(NativeMethodAccessorImpl.java:62)
	at sun.reflect.DelegatingMethodAccessorImpl.invoke(DelegatingMethodAccessorImpl.java:43)
	at java.lang.reflect.Method.invoke(Method.java:498)
	at org.apache.maven.surefire.util.ReflectionUtils.invokeMethodWithArray(ReflectionUtils.java:164)
	at org.apache.maven.surefire.booter.ProviderFactory$ProviderProxy.invoke(ProviderFactory.java:110)
	at org.apache.maven.surefire.booter.SurefireStarter.invokeProvider(SurefireStarter.java:175)
	at org.apache.maven.surefire.booter.SurefireStarter.runSuitesInProcessWhenForked(SurefireStarter.java:107)
	at org.apache.maven.surefire.booter.ForkedBooter.main(ForkedBooter.java:68)
</failure>
  </testcase>
  <testcase classname="simplejdbc.DAOTest" name="testSelectNameById" time="0.003"/>
  <testcase classname="simplejdbc.DAOTest" name="testSelectDescription" time="0.037"/>
</testsuite>